IQ-TREE multicore version 2.0.3 for Mac OS X 64-bit built Dec 19 2020
Developed by Bui Quang Minh, Nguyen Lam Tung, Olga Chernomor,
Heiko Schmidt, Dominik Schrempf, Michael Woodhams.

Host:    Sanjanas-MacBook-Pro.local (SSE4.2, 8 GB RAM)
Command: iqtree -s seq_for_analysis/P_no_stop_codons_HeV.phy -m MFP -redo
Seed:    313983 (Using SPRNG - Scalable Parallel Random Number Generator)
Time:    Sun Jul 17 22:00:36 2022
Kernel:  SSE2 - 1 threads (8 CPU cores detected)

HINT: Use -nt option to specify number of threads because your CPU has 8 cores!
HINT: -nt AUTO will automatically determine the best number of threads to use.

Reading alignment file seq_for_analysis/P_no_stop_codons_HeV.phy ... Phylip format detected
Alignment most likely contains DNA/RNA sequences
Alignment has 57 sequences with 2173 columns, 319 distinct patterns
670 parsimony-informative, 80 singleton sites, 1423 constant sites
          Gap/Ambiguity  Composition  p-value
   1  MN549404    2.12%    passed     96.47%
   2  MN549403    2.12%    passed     96.10%
   3  MN549410    2.12%    passed     99.69%
   4  MN549409    2.12%    passed     99.85%
   5  MN549405    2.12%    passed     99.77%
   6  MN549402    2.12%    passed     99.02%
   7  MK575067    2.12%    passed     99.07%
   8  MK575060    2.12%    passed     99.70%
   9  MK575068    2.12%    passed     99.45%
  10  MK575062    2.12%    passed     99.45%
  11  MK673566    2.12%    passed     95.81%
  12  MK673589    2.12%    passed     98.38%
  13  MK673567    2.12%    passed     96.62%
  14  JN808864    2.12%    passed     98.54%
  15  MW535746    2.12%    passed     98.26%
  16  MK673587    2.12%    passed     99.69%
  17  MK673584    2.12%    passed     99.67%
  18  MK673565    2.12%    passed     97.93%
  19  MK673591    2.12%    passed     95.55%
  20  MK673568    2.12%    passed     98.26%
  21  MK673571    2.12%    passed     98.58%
  22  FJ513078    2.12%    passed     95.42%
  23  AY988601    2.12%    passed     98.26%
  24  MK673572    2.12%    passed     98.49%
  25  JN808857    2.12%    passed     98.47%
  26  MK673588    2.12%    passed     97.89%
  27  MK673583    2.12%    passed     97.12%
  28  MK673582    2.12%    passed     96.61%
  29  MK673570    2.12%    passed     95.51%
  30  MK673592    2.12%    passed     96.62%
  31  MK673576    2.12%    passed     97.76%
  32  MK673579    2.12%    passed     98.26%
  33  MK673581    2.12%    passed     97.89%
  34  MK673585    2.12%    passed     94.38%
  35  MK801755    2.12%    passed     85.85%
  36  MH523642    2.12%    passed     98.48%
  37  MK575061    2.12%    passed     99.45%
  38  MH396625    2.12%    passed     98.57%
  39  MN549406    2.12%    passed     99.26%
  40  JN255817    2.39%    passed     57.37%
  41  FN869553    2.12%    passed     75.29%
  42  MK673559    2.12%    passed     91.87%
  43  AF376747    2.12%    passed     90.05%
  44  AF212302    2.12%    passed     90.39%
  45  AJ627196    2.12%    passed     90.83%
  46  JN255803    2.39%    passed     55.53%
  47  JN255812    2.39%    passed     56.52%
  48  JN255814    2.39%    passed     53.24%
  49  HM044319    2.39%    passed     48.31%
  50  JN255804    2.39%    passed     63.25%
  51  JN255813    2.39%    passed     52.83%
  52  JN255815    2.39%    passed     71.24%
  53  MN062017    2.39%    passed     57.91%
  54  HM044318    2.39%    passed     58.73%
  55  HM044321    2.39%    passed     55.49%
  56  AF010304    2.39%    passed     57.57%
  57  JN255818    2.39%    passed     46.73%
****  TOTAL       2.18%  0 sequences failed composition chi2 test (p-value<5%; df=3)

NOTE: Restoring information from model checkpoint file seq_for_analysis/P_no_stop_codons_HeV.phy.model.gz

CHECKPOINT: Initial tree restored
Perform fast likelihood tree search using GTR+I+G model...
CHECKPOINT: Tree restored, LogL: -7527.377
NOTE: ModelFinder requires 5 MB RAM!
ModelFinder will test up to 286 DNA models (sample size: 2173) ...
 No. Model         -LnL         df  AIC          AICc         BIC
  1  GTR+F         7591.626     119 15421.252    15435.163    16097.632
  2  GTR+F+I       7497.749     120 15235.498    15249.650    15917.562
  3  GTR+F+G4      7505.553     120 15251.106    15265.258    15933.169
  4  GTR+F+I+G4    7505.591     121 15253.183    15267.578    15940.930
  5  GTR+F+R2      7510.070     121 15262.140    15276.535    15949.888
  6  GTR+F+R3      7505.927     123 15257.854    15272.741    15956.969
 15  SYM+I         7553.690     117 15341.380    15354.816    16006.392
 28  TVM+F+I       7502.103     119 15242.207    15256.118    15918.587
 41  TVMe+I        7553.729     116 15339.457    15352.660    15998.786
 54  TIM3+F+I      7500.273     118 15236.545    15250.218    15907.241
 67  TIM3e+I       7558.691     115 15347.382    15360.353    16001.027
 80  TIM2+F+I      7498.587     118 15233.174    15246.847    15903.870
 93  TIM2e+I       7554.447     115 15338.894    15351.864    15992.538
106  TIM+F+I       7499.665     118 15235.330    15249.003    15906.026
119  TIMe+I        7557.764     115 15345.528    15358.498    15999.172
132  TPM3u+F+I     7504.486     117 15242.972    15256.408    15907.984
145  TPM3+F+I      7504.486     117 15242.972    15256.408    15907.984
158  TPM2u+F+I     7503.021     117 15240.042    15253.478    15905.054
171  TPM2+F+I      7503.021     117 15240.042    15253.478    15905.054
184  K3Pu+F+I      7503.878     117 15241.756    15255.192    15906.768
197  K3P+I         7557.778     114 15343.557    15356.297    15991.517
210  TN+F+I        7500.600     117 15235.200    15248.636    15900.212
223  TNe+I         7558.786     114 15345.573    15358.313    15993.533
236  HKY+F+I       7504.815     116 15241.631    15254.833    15900.959
249  K2P+I         7558.797     113 15343.594    15356.107    15985.871
262  F81+F+I       7830.836     115 15891.672    15904.643    16545.317
275  JC+I          7891.743     112 16007.486    16019.774    16644.079
Akaike Information Criterion:           TIM2+F+I
Corrected Akaike Information Criterion: TIM2+F+I
Bayesian Information Criterion:         TN+F+I
Best-fit model: TN+F+I chosen according to BIC

All model information printed to seq_for_analysis/P_no_stop_codons_HeV.phy.model.gz
CPU time for ModelFinder: 0.018 seconds (0h:0m:0s)
Wall-clock time for ModelFinder: 0.026 seconds (0h:0m:0s)

NOTE: 0 MB RAM (0 GB) is required!
Estimate model parameters (epsilon = 0.100)
1. Initial log-likelihood: -7500.600
Optimal log-likelihood: -7500.600
Rate parameters:  A-C: 1.00000  A-G: 12.88680  A-T: 1.00000  C-G: 1.00000  C-T: 17.80002  G-T: 1.00000
Base frequencies:  A: 0.334  C: 0.198  G: 0.241  T: 0.227
Proportion of invariable sites: 0.537
Parameters optimization took 1 rounds (0.006 sec)
Computing ML distances based on estimated model parameters... 0.028 sec
Computing BIONJ tree...
0.001 seconds
Log-likelihood of BIONJ tree: -7539.713
--------------------------------------------------------------------
|             INITIALIZING CANDIDATE TREE SET                      |
--------------------------------------------------------------------
Generating 98 parsimony trees... 0.218 second
Computing log-likelihood of 98 initial trees ... 0.177 seconds
Current best score: -7500.600

Do NNI search on 20 best initial trees
Estimate model parameters (epsilon = 0.100)
BETTER TREE FOUND at iteration 1: -7500.600
Estimate model parameters (epsilon = 0.100)
BETTER TREE FOUND at iteration 2: -7499.553
BETTER TREE FOUND at iteration 7: -7499.549
BETTER TREE FOUND at iteration 8: -7499.549
Iteration 10 / LogL: -7501.097 / Time: 0h:0m:0s
BETTER TREE FOUND at iteration 11: -7499.549
BETTER TREE FOUND at iteration 13: -7499.546
Estimate model parameters (epsilon = 0.100)
BETTER TREE FOUND at iteration 19: -7499.107
Iteration 20 / LogL: -7499.550 / Time: 0h:0m:1s
Finish initializing candidate tree set (20)
Current best tree score: -7499.107 / CPU time: 1.009
Number of iterations: 20
--------------------------------------------------------------------
|               OPTIMIZING CANDIDATE TREE SET                      |
--------------------------------------------------------------------
Estimate model parameters (epsilon = 0.100)
BETTER TREE FOUND at iteration 21: -7498.386
BETTER TREE FOUND at iteration 22: -7498.385
Iteration 30 / LogL: -7499.471 / Time: 0h:0m:1s (0h:0m:4s left)
Iteration 40 / LogL: -7506.341 / Time: 0h:0m:1s (0h:0m:4s left)
Iteration 50 / LogL: -7498.415 / Time: 0h:0m:2s (0h:0m:3s left)
Iteration 60 / LogL: -7499.954 / Time: 0h:0m:2s (0h:0m:3s left)
Iteration 70 / LogL: -7504.277 / Time: 0h:0m:3s (0h:0m:2s left)
Estimate model parameters (epsilon = 0.100)
BETTER TREE FOUND at iteration 80: -7498.302
Iteration 80 / LogL: -7498.302 / Time: 0h:0m:3s (0h:0m:4s left)
Iteration 90 / LogL: -7504.262 / Time: 0h:0m:4s (0h:0m:4s left)
Iteration 100 / LogL: -7508.652 / Time: 0h:0m:4s (0h:0m:3s left)
Iteration 110 / LogL: -7504.193 / Time: 0h:0m:4s (0h:0m:3s left)
Iteration 120 / LogL: -7498.326 / Time: 0h:0m:5s (0h:0m:2s left)
