IQ-TREE multicore version 2.2.0.3 COVID-edition for Linux 64-bit built May 11 2022
Developed by Bui Quang Minh, James Barbetti, Nguyen Lam Tung,
Olga Chernomor, Heiko Schmidt, Dominik Schrempf, Michael Woodhams, Ly Trong Nhan.

Host:    compute-a-16-108.o2.rc.hms.harvard.edu (AVX2, FMA3, 251 GB RAM)
Command: iqtree -s G_no_stop_codons.phy -m TIM2+F+G4 -B 1000
Seed:    945331 (Using SPRNG - Scalable Parallel Random Number Generator)
Time:    Mon Jul 11 17:09:11 2022
Kernel:  AVX+FMA - 1 threads (1 CPU cores detected)

Reading alignment file G_no_stop_codons.phy ... Phylip format detected
Alignment most likely contains DNA/RNA sequences
Constructing alignment: done in 0.00258848 secs using 53.31% CPU
Alignment has 37 sequences with 1806 columns, 120 distinct patterns
166 parsimony-informative, 68 singleton sites, 1572 constant sites
          Gap/Ambiguity  Composition  p-value
Analyzing sequences: done in 2.90237e-05 secs using 96.47% CPU
   1  AF212302    0.00%    passed     99.16%
   2  AF376747    0.00%    passed     98.45%
   3  AJ564621    0.00%    passed     99.07%
   4  AJ627196    0.00%    passed     99.46%
   5  AY858111    0.00%    passed     94.84%
   6  AY988601    0.00%    passed     99.86%
   7  FJ513078    0.00%    passed     99.98%
   8  FN869553    0.00%    passed     99.79%
   9  JN808857    0.00%    passed    100.00%
  10  JN808864    0.00%    passed     99.98%
  11  MH396625    0.00%    passed     99.37%
  12  MK575060    0.00%    passed     99.95%
  13  MK575063    0.00%    passed     99.86%
  14  MK575069    0.00%    passed     99.98%
  15  MK673559    0.00%    passed     99.07%
  16  MK673560    0.00%    passed     98.55%
  17  MK673562    0.00%    passed     99.14%
  18  MK673565    0.00%    passed     99.82%
  19  MK673566    0.00%    passed     99.71%
  20  MK673567    0.00%    passed     99.71%
  21  MK673568    0.00%    passed     99.95%
  22  MK673570    0.00%    passed     99.92%
  23  MK673571    0.00%    passed     99.71%
  24  MK673576    0.00%    passed     99.91%
  25  MK673578    0.00%    passed     99.98%
  26  MK673579    0.00%    passed     99.35%
  27  MK673581    0.00%    passed     99.87%
  28  MK673582    0.00%    passed     99.95%
  29  MK673583    0.00%    passed     99.97%
  30  MK673584    0.00%    passed     99.86%
  31  MK673585    0.00%    passed     99.26%
  32  MK673588    0.00%    passed     99.97%
  33  MK673589    0.00%    passed    100.00%
  34  MK673591    0.00%    passed     99.50%
  35  MK673592    0.00%    passed     99.63%
  36  MN549409    0.00%    passed     94.65%
  37  MW535746    0.00%    passed     99.84%
****  TOTAL       0.00%  0 sequences failed composition chi2 test (p-value<5%; df=3)
Checking for duplicate sequences: done in 0.000121523 secs using 51.02% CPU

Create initial parsimony tree by phylogenetic likelihood library (PLL)... 0.001 seconds
Generating 1000 samples for ultrafast bootstrap (seed: 945331)...

NOTE: 1 MB RAM (0 GB) is required!
Estimate model parameters (epsilon = 0.100)
1. Initial log-likelihood: -4272.769
2. Current log-likelihood: -4045.868
3. Current log-likelihood: -4038.671
Optimal log-likelihood: -4038.664
Rate parameters:  A-C: 3.80987  A-G: 60.22788  A-T: 3.80987  C-G: 1.00000  C-T: 100.00000  G-T: 1.00000
Base frequencies:  A: 0.336  C: 0.198  G: 0.203  T: 0.263
Gamma shape alpha: 0.435
Parameters optimization took 3 rounds (0.048 sec)

WARNING: Estimated model parameters are at boundary that can cause numerical instability!

Wrote distance file to... 
Computing ML distances based on estimated model parameters...
Calculating distance matrix: done in 0.0122188 secs using 98.43% CPU
Computing ML distances took 0.013545 sec (of wall-clock time) 0.012168 sec (of CPU time)
Setting up auxiliary I and S matrices: done in 0.000123646 secs using 86.54% CPU
Constructing RapidNJ tree: done in 0.000356659 secs using 34.77% CPU
Computing RapidNJ tree took 0.001607 sec (of wall-clock time) 0.000300 sec (of CPU time)
Log-likelihood of RapidNJ tree: -4038.732
--------------------------------------------------------------------
|             INITIALIZING CANDIDATE TREE SET                      |
--------------------------------------------------------------------
Generating 98 parsimony trees... 0.181 second
Computing log-likelihood of 98 initial trees ... 0.189 seconds
Current best score: -4038.664

Do NNI search on 20 best initial trees
Optimizing NNI: done in 0.0147439 secs using 99.76% CPU
Estimate model parameters (epsilon = 0.100)

WARNING: Estimated model parameters are at boundary that can cause numerical instability!

BETTER TREE FOUND at iteration 1: -4038.664
Optimizing NNI: done in 0.0258899 secs using 91.75% CPU
Optimizing NNI: done in 0.0262174 secs using 92.14% CPU
BETTER TREE FOUND at iteration 3: -4038.664
Optimizing NNI: done in 0.0264374 secs using 96.09% CPU
BETTER TREE FOUND at iteration 4: -4038.664
Optimizing NNI: done in 0.0259495 secs using 96.02% CPU
BETTER TREE FOUND at iteration 5: -4038.664
Optimizing NNI: done in 0.0245749 secs using 91.8% CPU
Optimizing NNI: done in 0.0265408 secs using 99.73% CPU
Optimizing NNI: done in 0.0262797 secs using 92.23% CPU
Optimizing NNI: done in 0.0263649 secs using 99.81% CPU
Optimizing NNI: done in 0.0255855 secs using 93.46% CPU
BETTER TREE FOUND at iteration 10: -4038.664
Iteration 10 / LogL: -4038.664 / Time: 0h:0m:0s
Optimizing NNI: done in 0.026459 secs using 99.14% CPU
Optimizing NNI: done in 0.0246961 secs using 99.7% CPU
Optimizing NNI: done in 0.0245874 secs using 95.75% CPU
Optimizing NNI: done in 0.0246587 secs using 95.56% CPU
Optimizing NNI: done in 0.0259077 secs using 96.16% CPU
Optimizing NNI: done in 0.0260569 secs using 95.94% CPU
Optimizing NNI: done in 0.0244585 secs using 95.15% CPU
Optimizing NNI: done in 0.0246518 secs using 95.98% CPU
Optimizing NNI: done in 0.0248017 secs using 99.82% CPU
Optimizing NNI: done in 0.0245046 secs using 91.81% CPU
Iteration 20 / LogL: -4038.664 / Time: 0h:0m:1s
Finish initializing candidate tree set (20)
Current best tree score: -4038.664 / CPU time: 0.925
Number of iterations: 20
--------------------------------------------------------------------
|               OPTIMIZING CANDIDATE TREE SET                      |
--------------------------------------------------------------------
Optimizing NNI: done in 0.045864 secs using 93.85% CPU
Estimate model parameters (epsilon = 0.100)

WARNING: Estimated model parameters are at boundary that can cause numerical instability!

BETTER TREE FOUND at iteration 21: -4038.261
Optimizing NNI: done in 0.0707076 secs using 87.06% CPU
Optimizing NNI: done in 0.041984 secs using 87.64% CPU
Optimizing NNI: done in 0.0544675 secs using 93.67% CPU
Optimizing NNI: done in 0.0622993 secs using 94.35% CPU
Optimizing NNI: done in 0.0504789 secs using 92.04% CPU
Optimizing NNI: done in 0.0513135 secs using 95.59% CPU
Optimizing NNI: done in 0.0562927 secs using 92.54% CPU
Optimizing NNI: done in 0.0553787 secs using 96.3% CPU
Optimizing NNI: done in 0.220453 secs using 20.31% CPU
Iteration 30 / LogL: -4038.264 / Time: 0h:0m:1s (0h:0m:5s left)
Optimizing NNI: done in 0.0608653 secs using 36.57% CPU
Optimizing NNI: done in 0.0420479 secs using 90.42% CPU
Optimizing NNI: done in 0.0758985 secs using 93.37% CPU
Optimizing NNI: done in 0.0516722 secs using 91.82% CPU
Optimizing NNI: done in 0.0600511 secs using 94.8% CPU
Optimizing NNI: done in 0.0504235 secs using 99.48% CPU
Optimizing NNI: done in 0.0444397 secs using 95.14% CPU
Optimizing NNI: done in 0.0574489 secs using 97.94% CPU
Optimizing NNI: done in 0.0457049 secs using 92.3% CPU
Optimizing NNI: done in 0.0507922 secs using 93.76% CPU
Iteration 40 / LogL: -4038.273 / Time: 0h:0m:2s (0h:0m:5s left)
Optimizing NNI: done in 0.0472053 secs using 93.59% CPU
Optimizing NNI: done in 0.0381009 secs using 86.76% CPU
Optimizing NNI: done in 0.063806 secs using 96.51% CPU
Optimizing NNI: done in 0.029772 secs using 95.04% CPU
Optimizing NNI: done in 0.0472544 secs using 90.56% CPU
Optimizing NNI: done in 0.0320733 secs using 92.44% CPU
Optimizing NNI: done in 0.0419531 secs using 93.42% CPU
Optimizing NNI: done in 0.0690893 secs using 92.14% CPU
Optimizing NNI: done in 0.0484945 secs using 95.54% CPU
Optimizing NNI: done in 0.0348544 secs using 91.32% CPU
Iteration 50 / LogL: -4038.269 / Time: 0h:0m:2s (0h:0m:4s left)
Log-likelihood cutoff on original alignment: -4059.839
Optimizing NNI: done in 0.0601312 secs using 96.52% CPU
Optimizing NNI: done in 0.0498427 secs using 93.77% CPU
Optimizing NNI: done in 0.0452356 secs using 76.21% CPU
Optimizing NNI: done in 0.0406316 secs using 92.47% CPU
Optimizing NNI: done in 0.0443707 secs using 95.27% CPU
Optimizing NNI: done in 0.0527958 secs using 95.43% CPU
Optimizing NNI: done in 0.0505857 secs using 93.94% CPU
Optimizing NNI: done in 0.0636229 secs using 92.92% CPU
Optimizing NNI: done in 0.0532188 secs using 96.13% CPU
Optimizing NNI: done in 0.0349776 secs using 96.96% CPU
Iteration 60 / LogL: -4046.788 / Time: 0h:0m:3s (0h:0m:3s left)
Optimizing NNI: done in 0.0452828 secs using 93.06% CPU
Optimizing NNI: done in 0.0418947 secs using 83.27% CPU
Optimizing NNI: done in 0.0636846 secs using 91.97% CPU
Optimizing NNI: done in 0.0597366 secs using 97.89% CPU
Optimizing NNI: done in 0.0454279 secs using 91.07% CPU
Optimizing NNI: done in 0.0598827 secs using 96.54% CPU
Optimizing NNI: done in 0.0590793 secs using 93.18% CPU
Optimizing NNI: done in 0.0229612 secs using 91.03% CPU
Optimizing NNI: done in 0.0320785 secs using 99.86% CPU
Optimizing NNI: done in 0.076417 secs using 94.75% CPU
Iteration 70 / LogL: -4038.273 / Time: 0h:0m:4s (0h:0m:3s left)
Optimizing NNI: done in 0.0518475 secs using 92.27% CPU
Optimizing NNI: done in 0.0376277 secs using 97.23% CPU
Optimizing NNI: done in 0.075521 secs using 95.72% CPU
Optimizing NNI: done in 0.0485909 secs using 89.61% CPU
Optimizing NNI: done in 0.0471576 secs using 92.88% CPU
Optimizing NNI: done in 0.0454854 secs using 90.79% CPU
Optimizing NNI: done in 0.055383 secs using 91.85% CPU
Optimizing NNI: done in 0.0420446 secs using 94.95% CPU
Optimizing NNI: done in 0.0566812 secs using 93.96% CPU
Optimizing NNI: done in 0.0532004 secs using 87.91% CPU
Iteration 80 / LogL: -4038.271 / Time: 0h:0m:4s (0h:0m:2s left)
Optimizing NNI: done in 0.0558123 secs using 95.23% CPU
Optimizing NNI: done in 0.0533526 secs using 98.9% CPU
Optimizing NNI: done in 0.0625028 secs using 95.09% CPU
Optimizing NNI: done in 0.0255224 secs using 91.22% CPU
Optimizing NNI: done in 0.0505864 secs using 93.71% CPU
Optimizing NNI: done in 0.0343108 secs using 99.08% CPU
Optimizing NNI: done in 0.0630093 secs using 96.14% CPU
Optimizing NNI: done in 0.0354544 secs using 93.92% CPU
Optimizing NNI: done in 0.0609994 secs using 96.26% CPU
Optimizing NNI: done in 0.0566679 secs using 94.47% CPU
Iteration 90 / LogL: -4038.261 / Time: 0h:0m:5s (0h:0m:1s left)
Optimizing NNI: done in 0.0220883 secs using 99.92% CPU
Optimizing NNI: done in 0.0387106 secs using 94.84% CPU
Optimizing NNI: done in 0.035141 secs using 99.72% CPU
Optimizing NNI: done in 0.0648369 secs using 93.44% CPU
Optimizing NNI: done in 0.0539843 secs using 98.08% CPU
Optimizing NNI: done in 0.0427565 secs using 90.58% CPU
Optimizing NNI: done in 0.0471511 secs using 97.14% CPU
Optimizing NNI: done in 0.047475 secs using 98.41% CPU
Optimizing NNI: done in 0.0526408 secs using 90.97% CPU
Optimizing NNI: done in 0.0410114 secs using 92.64% CPU
Iteration 100 / LogL: -4038.272 / Time: 0h:0m:5s (0h:0m:1s left)
Log-likelihood cutoff on original alignment: -4061.298
NOTE: Bootstrap correlation coefficient of split occurrence frequencies: 0.988
NOTE: UFBoot does not converge, continue at least 100 more iterations
Optimizing NNI: done in 0.0353294 secs using 93.97% CPU
Optimizing NNI: done in 0.0585038 secs using 94.86% CPU
Optimizing NNI: done in 0.0375283 secs using 94.08% CPU
Optimizing NNI: done in 0.0374177 secs using 94.69% CPU
Optimizing NNI: done in 0.0297631 secs using 89.92% CPU
Optimizing NNI: done in 0.0659678 secs using 95.16% CPU
Optimizing NNI: done in 0.0429944 secs using 96.94% CPU
Optimizing NNI: done in 0.0420467 secs using 95.11% CPU
Optimizing NNI: done in 0.0412847 secs using 99.9% CPU
Optimizing NNI: done in 0.024132 secs using 95.71% CPU
Iteration 110 / LogL: -4103.566 / Time: 0h:0m:6s (0h:0m:5s left)
Optimizing NNI: done in 0.0484451 secs using 94.98% CPU
Optimizing NNI: done in 0.0594615 secs using 93.68% CPU
Optimizing NNI: done in 0.0498333 secs using 89.86% CPU
Optimizing NNI: done in 0.0476138 secs using 95.64% CPU
Optimizing NNI: done in 0.0387746 secs using 99.54% CPU
Optimizing NNI: done in 0.0450753 secs using 95.24% CPU
Optimizing NNI: done in 0.0439072 secs using 88.45% CPU
Optimizing NNI: done in 0.0307118 secs using 89.57% CPU
Optimizing NNI: done in 0.0603605 secs using 91.21% CPU
Optimizing NNI: done in 0.0704196 secs using 93.25% CPU
Iteration 120 / LogL: -4038.274 / Time: 0h:0m:7s (0h:0m:4s left)
Optimizing NNI: done in 0.045903 secs using 93.41% CPU
Optimizing NNI: done in 0.0472222 secs using 91.55% CPU
Optimizing NNI: done in 0.0693872 secs using 92.47% CPU
Optimizing NNI: done in 0.0631326 secs using 93% CPU
Optimizing NNI: done in 0.0387116 secs using 97.29% CPU
Optimizing NNI: done in 0.0442138 secs using 95.4% CPU
Optimizing NNI: done in 0.0632208 secs using 95.01% CPU
Optimizing NNI: done in 0.0413492 secs using 92.41% CPU
Optimizing NNI: done in 0.0367096 secs using 94.44% CPU
Optimizing NNI: done in 0.0404794 secs using 85.1% CPU
Iteration 130 / LogL: -4043.596 / Time: 0h:0m:7s (0h:0m:4s left)
Optimizing NNI: done in 0.0415155 secs using 87.74% CPU
Optimizing NNI: done in 0.0491676 secs using 93.29% CPU
Optimizing NNI: done in 0.0480245 secs using 97.01% CPU
Optimizing NNI: done in 0.0564525 secs using 98.07% CPU
Optimizing NNI: done in 0.033747 secs using 99.79% CPU
Optimizing NNI: done in 0.0465412 secs using 88.43% CPU
Optimizing NNI: done in 0.0563842 secs using 91.02% CPU
Optimizing NNI: done in 0.0403936 secs using 90.18% CPU
Optimizing NNI: done in 0.0464488 secs using 97.51% CPU
Optimizing NNI: done in 0.0497838 secs using 90% CPU
Iteration 140 / LogL: -4038.264 / Time: 0h:0m:8s (0h:0m:3s left)
Optimizing NNI: done in 0.0411345 secs using 92.74% CPU
Optimizing NNI: done in 0.0506472 secs using 91.77% CPU
Optimizing NNI: done in 0.0483379 secs using 95.74% CPU
Optimizing NNI: done in 0.0451194 secs using 99.83% CPU
Optimizing NNI: done in 0.0473118 secs using 97.54% CPU
Optimizing NNI: done in 0.0734345 secs using 90.48% CPU
Optimizing NNI: done in 0.0442464 secs using 93.2% CPU
Optimizing NNI: done in 0.0234902 secs using 95.73% CPU
Optimizing NNI: done in 0.0364788 secs using 97.02% CPU
Optimizing NNI: done in 0.0477266 secs using 93.46% CPU
Iteration 150 / LogL: -4038.265 / Time: 0h:0m:8s (0h:0m:2s left)
Log-likelihood cutoff on original alignment: -4062.111
Optimizing NNI: done in 0.0523909 secs using 99.79% CPU
Optimizing NNI: done in 0.0521735 secs using 89.34% CPU
Optimizing NNI: done in 0.0407736 secs using 97.43% CPU
Optimizing NNI: done in 0.0580139 secs using 96.5% CPU
Optimizing NNI: done in 0.0636042 secs using 96.8% CPU
Optimizing NNI: done in 0.062343 secs using 91.9% CPU
Optimizing NNI: done in 0.0506031 secs using 87.91% CPU
Optimizing NNI: done in 0.0229126 secs using 95.69% CPU
Optimizing NNI: done in 0.0227756 secs using 91.26% CPU
Optimizing NNI: done in 0.0689222 secs using 95.51% CPU
Iteration 160 / LogL: -4038.272 / Time: 0h:0m:9s (0h:0m:2s left)
Optimizing NNI: done in 0.0419318 secs using 99.95% CPU
Optimizing NNI: done in 0.0319367 secs using 96.93% CPU
Optimizing NNI: done in 0.0517681 secs using 96.13% CPU
Optimizing NNI: done in 0.0396146 secs using 94.95% CPU
Optimizing NNI: done in 0.0469093 secs using 99.92% CPU
Optimizing NNI: done in 0.0600279 secs using 99.66% CPU
Optimizing NNI: done in 0.0372327 secs using 92.04% CPU
Optimizing NNI: done in 0.0125949 secs using 68.34% CPU
Optimizing NNI: done in 0.0625029 secs using 93.53% CPU
Optimizing NNI: done in 0.0492084 secs using 97.95% CPU
Iteration 170 / LogL: -4038.274 / Time: 0h:0m:10s (0h:0m:1s left)
Optimizing NNI: done in 0.0535109 secs using 96.08% CPU
Optimizing NNI: done in 0.0532184 secs using 93.66% CPU
Optimizing NNI: done in 0.0359834 secs using 99.99% CPU
BETTER TREE FOUND at iteration 173: -4038.260
Optimizing NNI: done in 0.0449484 secs using 93.43% CPU
Optimizing NNI: done in 0.0470711 secs using 92.79% CPU
Optimizing NNI: done in 0.0358726 secs using 94.49% CPU
Optimizing NNI: done in 0.0516349 secs using 94.07% CPU
Optimizing NNI: done in 0.0449219 secs using 93.32% CPU
Optimizing NNI: done in 0.0414702 secs using 97.62% CPU
Optimizing NNI: done in 0.0570298 secs using 82.2% CPU
Iteration 180 / LogL: -4038.269 / Time: 0h:0m:10s (0h:0m:5s left)
Optimizing NNI: done in 0.0582186 secs using 97.39% CPU
Optimizing NNI: done in 0.0381719 secs using 94.66% CPU
Optimizing NNI: done in 0.0412876 secs using 93.31% CPU
Optimizing NNI: done in 0.0613638 secs using 90.63% CPU
Optimizing NNI: done in 0.0558801 secs using 94.78% CPU
Optimizing NNI: done in 0.0484577 secs using 93.18% CPU
Optimizing NNI: done in 0.0647871 secs using 93.77% CPU
Optimizing NNI: done in 0.0556365 secs using 90.8% CPU
Optimizing NNI: done in 0.0519174 secs using 96.08% CPU
Optimizing NNI: done in 0.0524475 secs using 96.14% CPU
Iteration 190 / LogL: -4049.524 / Time: 0h:0m:11s (0h:0m:4s left)
Optimizing NNI: done in 0.0370688 secs using 94.52% CPU
Optimizing NNI: done in 0.0516514 secs using 95.83% CPU
Optimizing NNI: done in 0.0346573 secs using 88.39% CPU
Optimizing NNI: done in 0.0500423 secs using 99.9% CPU
Optimizing NNI: done in 0.0435923 secs using 99.65% CPU
Optimizing NNI: done in 0.0234296 secs using 99.98% CPU
Optimizing NNI: done in 0.0513767 secs using 94.16% CPU
Optimizing NNI: done in 0.0436038 secs using 95.32% CPU
Optimizing NNI: done in 0.0454703 secs using 93.4% CPU
Optimizing NNI: done in 0.0413628 secs using 95.11% CPU
Iteration 200 / LogL: -4038.265 / Time: 0h:0m:11s (0h:0m:4s left)
Log-likelihood cutoff on original alignment: -4064.413
NOTE: Bootstrap correlation coefficient of split occurrence frequencies: 0.985
NOTE: UFBoot does not converge, continue at least 100 more iterations
Optimizing NNI: done in 0.0452565 secs using 99.93% CPU
Optimizing NNI: done in 0.0561468 secs using 94.13% CPU
Optimizing NNI: done in 0.0640992 secs using 93.67% CPU
Optimizing NNI: done in 0.0525604 secs using 96.13% CPU
Optimizing NNI: done in 0.0482281 secs using 97.85% CPU
Optimizing NNI: done in 0.045862 secs using 86.86% CPU
Optimizing NNI: done in 0.0564753 secs using 96.23% CPU
Optimizing NNI: done in 0.0493507 secs using 97.93% CPU
Optimizing NNI: done in 0.0550927 secs using 98.13% CPU
Optimizing NNI: done in 0.0376011 secs using 89.18% CPU
Iteration 210 / LogL: -4287.965 / Time: 0h:0m:12s (0h:0m:5s left)
Optimizing NNI: done in 0.0423193 secs using 92.9% CPU
Optimizing NNI: done in 0.0349146 secs using 99.88% CPU
Optimizing NNI: done in 0.0558955 secs using 98.04% CPU
Optimizing NNI: done in 0.0551452 secs using 98.07% CPU
Optimizing NNI: done in 0.0609168 secs using 91.63% CPU
Optimizing NNI: done in 0.0710695 secs using 95.75% CPU
Optimizing NNI: done in 0.0482625 secs using 93.76% CPU
Optimizing NNI: done in 0.0549266 secs using 96.36% CPU
Optimizing NNI: done in 0.0650584 secs using 86.34% CPU
Optimizing NNI: done in 0.055543 secs using 92.66% CPU
Iteration 220 / LogL: -4038.272 / Time: 0h:0m:13s (0h:0m:4s left)
Optimizing NNI: done in 0.0377814 secs using 92.27% CPU
Optimizing NNI: done in 0.0504772 secs using 93.98% CPU
Optimizing NNI: done in 0.0543358 secs using 92.33% CPU
Optimizing NNI: done in 0.0433581 secs using 95.35% CPU
Optimizing NNI: done in 0.0717388 secs using 95.67% CPU
Optimizing NNI: done in 0.0431477 secs using 97.65% CPU
Optimizing NNI: done in 0.0473958 secs using 93.64% CPU
Optimizing NNI: done in 0.052644 secs using 92.28% CPU
Optimizing NNI: done in 0.0602989 secs using 96.58% CPU
Optimizing NNI: done in 0.0430823 secs using 94.27% CPU
Iteration 230 / LogL: -4038.690 / Time: 0h:0m:13s (0h:0m:4s left)
Optimizing NNI: done in 0.0592228 secs using 91.02% CPU
Optimizing NNI: done in 0.0509769 secs using 93.55% CPU
Optimizing NNI: done in 0.0379836 secs using 99.91% CPU
Optimizing NNI: done in 0.0591475 secs using 89.77% CPU
Optimizing NNI: done in 0.050565 secs using 95.72% CPU
Optimizing NNI: done in 0.0463088 secs using 95.66% CPU
Optimizing NNI: done in 0.03848 secs using 97.42% CPU
Optimizing NNI: done in 0.0671172 secs using 95.46% CPU
Optimizing NNI: done in 0.0283657 secs using 92.33% CPU
Optimizing NNI: done in 0.061772 secs using 96.66% CPU
Iteration 240 / LogL: -4038.265 / Time: 0h:0m:14s (0h:0m:3s left)
Optimizing NNI: done in 0.0535971 secs using 96.22% CPU
Optimizing NNI: done in 0.0616579 secs using 94.97% CPU
Optimizing NNI: done in 0.0612584 secs using 93.34% CPU
Optimizing NNI: done in 0.0410109 secs using 95.12% CPU
Optimizing NNI: done in 0.0446714 secs using 97.65% CPU
Optimizing NNI: done in 0.0622513 secs using 93.31% CPU
Optimizing NNI: done in 0.0489026 secs using 87.72% CPU
Optimizing NNI: done in 0.044827 secs using 91.05% CPU
Optimizing NNI: done in 0.059883 secs using 92.88% CPU
Optimizing NNI: done in 0.0659477 secs using 96.82% CPU
Iteration 250 / LogL: -4038.267 / Time: 0h:0m:15s (0h:0m:3s left)
Log-likelihood cutoff on original alignment: -4065.287
Optimizing NNI: done in 0.0547112 secs using 94.24% CPU
Optimizing NNI: done in 0.0607082 secs using 94.59% CPU
Optimizing NNI: done in 0.0575045 secs using 89.29% CPU
Optimizing NNI: done in 0.0424077 secs using 99.74% CPU
Optimizing NNI: done in 0.0524699 secs using 93.83% CPU
Optimizing NNI: done in 0.0412416 secs using 90.13% CPU
Optimizing NNI: done in 0.0408641 secs using 97.19% CPU
Optimizing NNI: done in 0.0530212 secs using 96.17% CPU
Optimizing NNI: done in 0.0672399 secs using 92.45% CPU
Optimizing NNI: done in 0.0534019 secs using 96.18% CPU
Iteration 260 / LogL: -4038.267 / Time: 0h:0m:15s (0h:0m:2s left)
Optimizing NNI: done in 0.0450887 secs using 88.91% CPU
Optimizing NNI: done in 0.0567936 secs using 96.49% CPU
Optimizing NNI: done in 0.0719112 secs using 95.73% CPU
Optimizing NNI: done in 0.049818 secs using 89.61% CPU
Optimizing NNI: done in 0.0397459 secs using 99.86% CPU
Optimizing NNI: done in 0.0484038 secs using 93.83% CPU
Optimizing NNI: done in 0.0565931 secs using 94.23% CPU
Optimizing NNI: done in 0.0438887 secs using 99.63% CPU
Optimizing NNI: done in 0.0653115 secs using 93.56% CPU
Optimizing NNI: done in 0.0731102 secs using 88.84% CPU
Iteration 270 / LogL: -4042.104 / Time: 0h:0m:16s (0h:0m:1s left)
Optimizing NNI: done in 0.0612165 secs using 98.34% CPU
Optimizing NNI: done in 0.0513742 secs using 99.47% CPU
Optimizing NNI: done in 0.0583316 secs using 96.41% CPU
Optimizing NNI: done in 0.0493494 secs using 94.25% CPU
Optimizing NNI: done in 0.0463736 secs using 95.11% CPU
Optimizing NNI: done in 0.0493503 secs using 94.87% CPU
Optimizing NNI: done in 0.0549922 secs using 94.09% CPU
Optimizing NNI: done in 0.0485922 secs using 89.83% CPU
Optimizing NNI: done in 0.0606314 secs using 95.18% CPU
UPDATE BEST LOG-LIKELIHOOD: -4038.259
Optimizing NNI: done in 0.0523922 secs using 99.67% CPU
Iteration 280 / LogL: -4042.106 / Time: 0h:0m:17s (0h:0m:1s left)
Optimizing NNI: done in 0.0740772 secs using 95.02% CPU
Optimizing NNI: done in 0.043167 secs using 92.34% CPU
Optimizing NNI: done in 0.0587435 secs using 98.21% CPU
Optimizing NNI: done in 0.0444244 secs using 90.99% CPU
Optimizing NNI: done in 0.0754407 secs using 97.22% CPU
Optimizing NNI: done in 0.0611742 secs using 86.06% CPU
Optimizing NNI: done in 0.0543599 secs using 94.35% CPU
Optimizing NNI: done in 0.0598844 secs using 91.28% CPU
Optimizing NNI: done in 0.0551209 secs using 95.84% CPU
Optimizing NNI: done in 0.0650484 secs using 93.58% CPU
Iteration 290 / LogL: -4038.271 / Time: 0h:0m:18s (0h:0m:0s left)
Optimizing NNI: done in 0.0422039 secs using 89.3% CPU
Optimizing NNI: done in 0.0538008 secs using 88.05% CPU
Optimizing NNI: done in 0.0462137 secs using 95.37% CPU
Optimizing NNI: done in 0.0550008 secs using 94.33% CPU
Optimizing NNI: done in 0.0497498 secs using 96.16% CPU
Optimizing NNI: done in 0.04467 secs using 99.71% CPU
Optimizing NNI: done in 0.0504914 secs using 91.86% CPU
Optimizing NNI: done in 0.056172 secs using 87.46% CPU
Optimizing NNI: done in 0.0581082 secs using 91.46% CPU
Optimizing NNI: done in 0.0456068 secs using 97.82% CPU
Iteration 300 / LogL: -4038.271 / Time: 0h:0m:18s (0h:0m:0s left)
Log-likelihood cutoff on original alignment: -4065.437
NOTE: Bootstrap correlation coefficient of split occurrence frequencies: 0.984
NOTE: UFBoot does not converge, continue at least 100 more iterations
Optimizing NNI: done in 0.0721791 secs using 98.37% CPU
Optimizing NNI: done in 0.0376625 secs using 85.52% CPU
Optimizing NNI: done in 0.0614661 secs using 99.96% CPU
Optimizing NNI: done in 0.0408782 secs using 95.13% CPU
Optimizing NNI: done in 0.0519106 secs using 98.06% CPU
Optimizing NNI: done in 0.0688764 secs using 91.21% CPU
Optimizing NNI: done in 0.0551227 secs using 99.87% CPU
Optimizing NNI: done in 0.0350333 secs using 99.95% CPU
Optimizing NNI: done in 0.0542006 secs using 96.28% CPU
Optimizing NNI: done in 0.0711287 secs using 96.98% CPU
Iteration 310 / LogL: -4038.262 / Time: 0h:0m:19s (0h:0m:5s left)
Optimizing NNI: done in 0.0480225 secs using 97.78% CPU
Optimizing NNI: done in 0.0563913 secs using 93.55% CPU
Optimizing NNI: done in 0.0545709 secs using 74.15% CPU
Optimizing NNI: done in 0.0548287 secs using 88.49% CPU
Optimizing NNI: done in 0.0630719 secs using 88.83% CPU
Optimizing NNI: done in 0.0609511 secs using 92.75% CPU
Optimizing NNI: done in 0.0629796 secs using 93.11% CPU
Optimizing NNI: done in 0.0439424 secs using 94.78% CPU
Optimizing NNI: done in 0.05967 secs using 94.5% CPU
Optimizing NNI: done in 0.0519069 secs using 86.9% CPU
Iteration 320 / LogL: -4042.097 / Time: 0h:0m:20s (0h:0m:5s left)
Optimizing NNI: done in 0.0497408 secs using 96.01% CPU
Optimizing NNI: done in 0.0366643 secs using 94.44% CPU
Optimizing NNI: done in 0.057103 secs using 91.19% CPU
Optimizing NNI: done in 0.0599753 secs using 94.66% CPU
Optimizing NNI: done in 0.0379387 secs using 89.33% CPU
Optimizing NNI: done in 0.0501078 secs using 82.68% CPU
Optimizing NNI: done in 0.0350875 secs using 99.67% CPU
Optimizing NNI: done in 0.0558253 secs using 94.6% CPU
Optimizing NNI: done in 0.0575286 secs using 94.33% CPU
Optimizing NNI: done in 0.046657 secs using 95.68% CPU
Iteration 330 / LogL: -4038.266 / Time: 0h:0m:20s (0h:0m:4s left)
Optimizing NNI: done in 0.0596872 secs using 94.59% CPU
Optimizing NNI: done in 0.0439185 secs using 93.12% CPU
Optimizing NNI: done in 0.0508374 secs using 92.12% CPU
Optimizing NNI: done in 0.0652541 secs using 94.88% CPU
Optimizing NNI: done in 0.0597286 secs using 96.58% CPU
Optimizing NNI: done in 0.056502 secs using 92.9% CPU
Optimizing NNI: done in 0.0596015 secs using 93.23% CPU
Optimizing NNI: done in 0.0663058 secs using 93.91% CPU
Optimizing NNI: done in 0.0388557 secs using 87.5% CPU
Optimizing NNI: done in 0.0433587 secs using 95.34% CPU
Iteration 340 / LogL: -4038.268 / Time: 0h:0m:21s (0h:0m:3s left)
Optimizing NNI: done in 0.0427406 secs using 97.61% CPU
Optimizing NNI: done in 0.0459663 secs using 89.2% CPU
Optimizing NNI: done in 0.0447765 secs using 95.39% CPU
Optimizing NNI: done in 0.035111 secs using 94.03% CPU
Optimizing NNI: done in 0.0471329 secs using 88.74% CPU
Optimizing NNI: done in 0.0520433 secs using 95.94% CPU
Optimizing NNI: done in 0.0556029 secs using 93.82% CPU
Optimizing NNI: done in 0.0465651 secs using 95.61% CPU
Optimizing NNI: done in 0.0542907 secs using 93.84% CPU
Optimizing NNI: done in 0.0486959 secs using 99.78% CPU
Iteration 350 / LogL: -4038.266 / Time: 0h:0m:22s (0h:0m:3s left)
Log-likelihood cutoff on original alignment: -4066.102
Optimizing NNI: done in 0.0484326 secs using 89.71% CPU
Optimizing NNI: done in 0.0438921 secs using 97.66% CPU
Optimizing NNI: done in 0.0367317 secs using 99.21% CPU
Optimizing NNI: done in 0.0464842 secs using 93.55% CPU
Optimizing NNI: done in 0.0505675 secs using 92% CPU
Optimizing NNI: done in 0.0407936 secs using 94.87% CPU
Optimizing NNI: done in 0.0496013 secs using 93.84% CPU
Optimizing NNI: done in 0.0622183 secs using 90.68% CPU
Optimizing NNI: done in 0.0495295 secs using 99.81% CPU
Optimizing NNI: done in 0.0507675 secs using 94.57% CPU
Iteration 360 / LogL: -4038.269 / Time: 0h:0m:22s (0h:0m:2s left)
Optimizing NNI: done in 0.0634327 secs using 93.27% CPU
Optimizing NNI: done in 0.0356851 secs using 93.59% CPU
Optimizing NNI: done in 0.0537369 secs using 93.87% CPU
Optimizing NNI: done in 0.0460113 secs using 97.72% CPU
Optimizing NNI: done in 0.0703129 secs using 90% CPU
Optimizing NNI: done in 0.0540217 secs using 98.1% CPU
Optimizing NNI: done in 0.0428054 secs using 99.64% CPU
Optimizing NNI: done in 0.0441328 secs using 90.63% CPU
Optimizing NNI: done in 0.0728634 secs using 70.53% CPU
Optimizing NNI: done in 0.0826734 secs using 94.87% CPU
Iteration 370 / LogL: -4038.267 / Time: 0h:0m:23s (0h:0m:1s left)
Optimizing NNI: done in 0.0365437 secs using 94.57% CPU
Optimizing NNI: done in 0.0518096 secs using 96.02% CPU
Optimizing NNI: done in 0.0782404 secs using 91.02% CPU
Optimizing NNI: done in 0.044314 secs using 90.62% CPU
Optimizing NNI: done in 0.0396498 secs using 94.94% CPU
Optimizing NNI: done in 0.0521563 secs using 96.21% CPU
Optimizing NNI: done in 0.0580738 secs using 92.64% CPU
Optimizing NNI: done in 0.0593303 secs using 88.23% CPU
Optimizing NNI: done in 0.0512146 secs using 99.94% CPU
Optimizing NNI: done in 0.0439225 secs using 97.72% CPU
Iteration 380 / LogL: -4038.267 / Time: 0h:0m:24s (0h:0m:1s left)
Optimizing NNI: done in 0.0614311 secs using 95.06% CPU
Optimizing NNI: done in 0.0363454 secs using 96.83% CPU
Optimizing NNI: done in 0.0364991 secs using 88.9% CPU
Optimizing NNI: done in 0.079128 secs using 92.39% CPU
Optimizing NNI: done in 0.0505272 secs using 92.85% CPU
Optimizing NNI: done in 0.0550637 secs using 94.4% CPU
Optimizing NNI: done in 0.041578 secs using 97.71% CPU
Optimizing NNI: done in 0.0434249 secs using 95.34% CPU
Optimizing NNI: done in 0.0779111 secs using 94.65% CPU
Optimizing NNI: done in 0.0565152 secs using 91.19% CPU
Iteration 390 / LogL: -4038.695 / Time: 0h:0m:24s (0h:0m:0s left)
Optimizing NNI: done in 0.0368361 secs using 99.99% CPU
Optimizing NNI: done in 0.0582052 secs using 91.4% CPU
Optimizing NNI: done in 0.0557987 secs using 99.99% CPU
Optimizing NNI: done in 0.0580547 secs using 94.79% CPU
UPDATE BEST LOG-LIKELIHOOD: -4038.259
Optimizing NNI: done in 0.0472093 secs using 94.93% CPU
Optimizing NNI: done in 0.0369507 secs using 97.29% CPU
Optimizing NNI: done in 0.044188 secs using 96.23% CPU
Optimizing NNI: done in 0.0501237 secs using 91.43% CPU
Optimizing NNI: done in 0.0517165 secs using 93.3% CPU
Optimizing NNI: done in 0.0593071 secs using 96.61% CPU
Iteration 400 / LogL: -4042.190 / Time: 0h:0m:25s (0h:0m:0s left)
Log-likelihood cutoff on original alignment: -4067.376
NOTE: Bootstrap correlation coefficient of split occurrence frequencies: 0.989
NOTE: UFBoot does not converge, continue at least 100 more iterations
Optimizing NNI: done in 0.0220672 secs using 86.37% CPU
Optimizing NNI: done in 0.04798 secs using 99.06% CPU
Optimizing NNI: done in 0.0615434 secs using 96.28% CPU
Optimizing NNI: done in 0.0572584 secs using 97.72% CPU
Optimizing NNI: done in 0.0451813 secs using 99.31% CPU
Optimizing NNI: done in 0.0494313 secs using 86.91% CPU
Optimizing NNI: done in 0.0344534 secs using 97.04% CPU
Optimizing NNI: done in 0.0521332 secs using 90.35% CPU
Optimizing NNI: done in 0.0659287 secs using 95.37% CPU
Optimizing NNI: done in 0.0507515 secs using 97.12% CPU
Iteration 410 / LogL: -4038.267 / Time: 0h:0m:26s (0h:0m:5s left)
Optimizing NNI: done in 0.0607394 secs using 98.37% CPU
Optimizing NNI: done in 0.043467 secs using 95.35% CPU
Optimizing NNI: done in 0.0598792 secs using 93.29% CPU
Optimizing NNI: done in 0.0509356 secs using 91.57% CPU
Optimizing NNI: done in 0.0495562 secs using 97.9% CPU
Optimizing NNI: done in 0.0334291 secs using 97.06% CPU
Optimizing NNI: done in 0.0525176 secs using 94.14% CPU
Optimizing NNI: done in 0.0692995 secs using 94.23% CPU
Optimizing NNI: done in 0.0368504 secs using 91.05% CPU
Optimizing NNI: done in 0.0418352 secs using 90.03% CPU
Iteration 420 / LogL: -4038.259 / Time: 0h:0m:27s (0h:0m:5s left)
Optimizing NNI: done in 0.0363935 secs using 97.33% CPU
Optimizing NNI: done in 0.0573778 secs using 98.2% CPU
Optimizing NNI: done in 0.0503323 secs using 95.99% CPU
Optimizing NNI: done in 0.0417687 secs using 95.19% CPU
Optimizing NNI: done in 0.0368324 secs using 94.07% CPU
Optimizing NNI: done in 0.0626416 secs using 96.72% CPU
Optimizing NNI: done in 0.0559707 secs using 94.56% CPU
Optimizing NNI: done in 0.0546148 secs using 92.66% CPU
Optimizing NNI: done in 0.0533707 secs using 88.62% CPU
Optimizing NNI: done in 0.0154729 secs using 99.84% CPU
Iteration 430 / LogL: -4053.168 / Time: 0h:0m:27s (0h:0m:4s left)
Optimizing NNI: done in 0.057989 secs using 93.03% CPU
Optimizing NNI: done in 0.0518293 secs using 93.96% CPU
Optimizing NNI: done in 0.0478214 secs using 95.79% CPU
Optimizing NNI: done in 0.048911 secs using 81.19% CPU
Optimizing NNI: done in 0.0355197 secs using 94.38% CPU
Optimizing NNI: done in 0.0483414 secs using 93.69% CPU
Optimizing NNI: done in 0.0553179 secs using 96.39% CPU
Optimizing NNI: done in 0.0415258 secs using 99.97% CPU
Optimizing NNI: done in 0.0527603 secs using 90.51% CPU
Optimizing NNI: done in 0.054009 secs using 97.92% CPU
Iteration 440 / LogL: -4042.105 / Time: 0h:0m:28s (0h:0m:3s left)
Optimizing NNI: done in 0.0535159 secs using 86.92% CPU
Optimizing NNI: done in 0.0444828 secs using 97.55% CPU
Optimizing NNI: done in 0.0456882 secs using 91.27% CPU
Optimizing NNI: done in 0.0563436 secs using 92.83% CPU
Optimizing NNI: done in 0.052586 secs using 97.9% CPU
Optimizing NNI: done in 0.0505996 secs using 95.38% CPU
Optimizing NNI: done in 0.0364936 secs using 90.95% CPU
Optimizing NNI: done in 0.0368381 secs using 86.41% CPU
Optimizing NNI: done in 0.0394439 secs using 89.82% CPU
Optimizing NNI: done in 0.040944 secs using 94.33% CPU
Iteration 450 / LogL: -4042.099 / Time: 0h:0m:29s (0h:0m:3s left)
Log-likelihood cutoff on original alignment: -4067.376
Optimizing NNI: done in 0.031863 secs using 96.8% CPU
Optimizing NNI: done in 0.0667759 secs using 91.01% CPU
Optimizing NNI: done in 0.0458848 secs using 93.5% CPU
Optimizing NNI: done in 0.0541852 secs using 98.13% CPU
Optimizing NNI: done in 0.0767091 secs using 92.14% CPU
Optimizing NNI: done in 0.0543434 secs using 92.54% CPU
Optimizing NNI: done in 0.0377008 secs using 92% CPU
Optimizing NNI: done in 0.0556746 secs using 81.99% CPU
Optimizing NNI: done in 0.0541332 secs using 92.5% CPU
Optimizing NNI: done in 0.0617507 secs using 88.49% CPU
Iteration 460 / LogL: -4038.272 / Time: 0h:0m:29s (0h:0m:2s left)
Optimizing NNI: done in 0.0625491 secs using 85.65% CPU
Optimizing NNI: done in 0.0609878 secs using 97.83% CPU
Optimizing NNI: done in 0.0266699 secs using 96.19% CPU
Optimizing NNI: done in 0.0489539 secs using 95.87% CPU
Optimizing NNI: done in 0.0508502 secs using 95.92% CPU
Optimizing NNI: done in 0.046609 secs using 97.79% CPU
Optimizing NNI: done in 0.0528325 secs using 97.72% CPU
Optimizing NNI: done in 0.0464458 secs using 97.85% CPU
Optimizing NNI: done in 0.0481825 secs using 91.67% CPU
Optimizing NNI: done in 0.0549037 secs using 96.2% CPU
Iteration 470 / LogL: -4038.687 / Time: 0h:0m:30s (0h:0m:1s left)
Optimizing NNI: done in 0.0604397 secs using 95% CPU
Optimizing NNI: done in 0.0563013 secs using 94.63% CPU
Optimizing NNI: done in 0.0622511 secs using 91.98% CPU
Optimizing NNI: done in 0.0543334 secs using 96.31% CPU
Optimizing NNI: done in 0.03282 secs using 93.86% CPU
Optimizing NNI: done in 0.0329683 secs using 93.96% CPU
Optimizing NNI: done in 0.0568109 secs using 98.22% CPU
Optimizing NNI: done in 0.0449847 secs using 97.72% CPU
Optimizing NNI: done in 0.0582334 secs using 93.15% CPU
Optimizing NNI: done in 0.0676499 secs using 92.61% CPU
Iteration 480 / LogL: -4038.265 / Time: 0h:0m:31s (0h:0m:1s left)
Optimizing NNI: done in 0.0615766 secs using 96.51% CPU
Optimizing NNI: done in 0.0377988 secs using 99.99% CPU
Optimizing NNI: done in 0.0441736 secs using 97.7% CPU
Optimizing NNI: done in 0.0521802 secs using 82.61% CPU
Optimizing NNI: done in 0.0495388 secs using 93.91% CPU
Optimizing NNI: done in 0.0480652 secs using 93.72% CPU
Optimizing NNI: done in 0.0459837 secs using 90.35% CPU
Optimizing NNI: done in 0.0588623 secs using 97.43% CPU
Optimizing NNI: done in 0.0493176 secs using 95.83% CPU
Optimizing NNI: done in 0.0480113 secs using 91.67% CPU
Iteration 490 / LogL: -4038.263 / Time: 0h:0m:32s (0h:0m:0s left)
Optimizing NNI: done in 0.0698592 secs using 94.88% CPU
Optimizing NNI: done in 0.0442476 secs using 92.63% CPU
Optimizing NNI: done in 0.0542393 secs using 98.1% CPU
Optimizing NNI: done in 0.0631713 secs using 96.75% CPU
Optimizing NNI: done in 0.0485817 secs using 93.51% CPU
Optimizing NNI: done in 0.0678747 secs using 93.39% CPU
Optimizing NNI: done in 0.0358625 secs using 94.08% CPU
Optimizing NNI: done in 0.0662798 secs using 96.5% CPU
Optimizing NNI: done in 0.0346208 secs using 97.05% CPU
Optimizing NNI: done in 0.0479593 secs using 95.77% CPU
Iteration 500 / LogL: -4038.261 / Time: 0h:0m:32s (0h:0m:0s left)
Log-likelihood cutoff on original alignment: -4067.999
NOTE: Bootstrap correlation coefficient of split occurrence frequencies: 0.993
TREE SEARCH COMPLETED AFTER 500 ITERATIONS / Time: 0h:0m:32s

--------------------------------------------------------------------
|                    FINALIZING TREE SEARCH                        |
--------------------------------------------------------------------
Performs final model parameters optimization
Estimate model parameters (epsilon = 0.010)
1. Initial log-likelihood: -4038.259
Optimal log-likelihood: -4038.259
Rate parameters:  A-C: 3.81495  A-G: 61.18123  A-T: 3.81495  C-G: 1.00000  C-T: 100.00000  G-T: 1.00000
Base frequencies:  A: 0.336  C: 0.198  G: 0.203  T: 0.263
Gamma shape alpha: 0.414
Parameters optimization took 1 rounds (0.010 sec)

WARNING: Estimated model parameters are at boundary that can cause numerical instability!

BEST SCORE FOUND : -4038.259
Creating bootstrap support values...
Split supports printed to NEXUS file G_no_stop_codons.phy.splits.nex
Total tree length: 0.162

Total number of iterations: 500
CPU time used for tree search: 30.550 sec (0h:0m:30s)
Wall-clock time used for tree search: 32.779 sec (0h:0m:32s)
Total CPU time used: 30.749 sec (0h:0m:30s)
Total wall-clock time used: 33.027 sec (0h:0m:33s)

Computing bootstrap consensus tree...
Reading input file G_no_stop_codons.phy.splits.nex...
37 taxa and 448 splits.
Consensus tree written to G_no_stop_codons.phy.contree
Reading input trees file G_no_stop_codons.phy.contree
Log-likelihood of consensus tree: -4038.290

Analysis results written to: 
  IQ-TREE report:                G_no_stop_codons.phy.iqtree
  Maximum-likelihood tree:       G_no_stop_codons.phy.treefile
  Likelihood distances:          G_no_stop_codons.phy.mldist

Ultrafast bootstrap approximation results written to:
  Split support values:          G_no_stop_codons.phy.splits.nex
  Consensus tree:                G_no_stop_codons.phy.contree
  Screen log file:               G_no_stop_codons.phy.log

ALISIM COMMAND
--------------
--alisim simulated_MSA -t G_no_stop_codons.phy.treefile -m "TIM2{3.81495,61.1812,100}+F{0.335743,0.197704,0.203376,0.263177}+G4{0.413943}" --length 1806

Date and Time: Mon Jul 11 17:09:45 2022
