IQ-TREE multicore version 2.2.0.3 COVID-edition for Linux 64-bit built May 11 2022
Developed by Bui Quang Minh, James Barbetti, Nguyen Lam Tung,
Olga Chernomor, Heiko Schmidt, Dominik Schrempf, Michael Woodhams, Ly Trong Nhan.

Host:    compute-a-16-108.o2.rc.hms.harvard.edu (AVX2, FMA3, 251 GB RAM)
Command: iqtree -s P_no_stop_codons.phy -m TN+F+G4 -B 1000
Seed:    117587 (Using SPRNG - Scalable Parallel Random Number Generator)
Time:    Mon Jul 11 17:12:00 2022
Kernel:  AVX+FMA - 1 threads (1 CPU cores detected)

Reading alignment file P_no_stop_codons.phy ... Phylip format detected
Alignment most likely contains DNA/RNA sequences
Constructing alignment: done in 0.00364942 secs using 32.83% CPU
Alignment has 44 sequences with 2127 columns, 170 distinct patterns
243 parsimony-informative, 100 singleton sites, 1784 constant sites
          Gap/Ambiguity  Composition  p-value
Analyzing sequences: done in 4.48972e-05 secs using 33.41% CPU
   1  AF212302    0.00%    passed     99.03%
   2  AF376747    0.00%    passed     98.93%
   3  AJ627196    0.00%    passed     99.09%
   4  AY988601    0.00%    passed     99.97%
   5  FJ513078    0.00%    passed     99.50%
   6  FN869553    0.00%    passed     86.19%
   7  JN808857    0.00%    passed     99.47%
   8  JN808864    0.00%    passed     99.96%
   9  MH396625    0.00%    passed     99.92%
  10  MH523642    0.00%    passed     99.83%
  11  MK575060    0.00%    passed     99.66%
  12  MK575061    0.00%    passed     99.83%
  13  MK575062    0.00%    passed     99.83%
  14  MK575067    0.00%    passed     99.92%
  15  MK575068    0.00%    passed     99.83%
  16  MK673559    0.00%    passed     99.35%
  17  MK673565    0.00%    passed     99.18%
  18  MK673566    0.00%    passed     99.93%
  19  MK673567    0.00%    passed     99.95%
  20  MK673568    0.00%    passed     99.97%
  21  MK673570    0.00%    passed     99.88%
  22  MK673571    0.00%    passed    100.00%
  23  MK673572    0.00%    passed    100.00%
  24  MK673576    0.00%    passed     99.94%
  25  MK673579    0.00%    passed     99.97%
  26  MK673581    0.00%    passed     99.88%
  27  MK673582    0.00%    passed     99.33%
  28  MK673583    0.00%    passed     99.89%
  29  MK673584    0.00%    passed     99.82%
  30  MK673585    0.00%    passed     99.51%
  31  MK673587    0.00%    passed     99.78%
  32  MK673588    0.00%    passed     99.88%
  33  MK673589    0.00%    passed     99.85%
  34  MK673591    0.00%    passed     99.64%
  35  MK673592    0.00%    passed     99.95%
  36  MK801755    0.00%    passed     90.42%
  37  MN549402    0.00%    passed     99.88%
  38  MN549403    0.00%    passed     99.87%
  39  MN549404    0.00%    passed     99.94%
  40  MN549405    0.00%    passed     99.57%
  41  MN549406    0.00%    passed     99.91%
  42  MN549409    0.00%    passed     99.60%
  43  MN549410    0.00%    passed     99.78%
  44  MW535746    0.00%    passed     99.97%
****  TOTAL       0.00%  0 sequences failed composition chi2 test (p-value<5%; df=3)
Checking for duplicate sequences: done in 0.000148889 secs using 22.16% CPU

Create initial parsimony tree by phylogenetic likelihood library (PLL)... 0.003 seconds
Generating 1000 samples for ultrafast bootstrap (seed: 117587)...

NOTE: 1 MB RAM (0 GB) is required!
Estimate model parameters (epsilon = 0.100)
1. Initial log-likelihood: -5544.631
2. Current log-likelihood: -5308.290
3. Current log-likelihood: -5293.672
Optimal log-likelihood: -5293.586
Rate parameters:  A-C: 1.00000  A-G: 12.49176  A-T: 1.00000  C-G: 1.00000  C-T: 17.75994  G-T: 1.00000
Base frequencies:  A: 0.336  C: 0.198  G: 0.238  T: 0.228
Gamma shape alpha: 0.761
Parameters optimization took 3 rounds (0.066 sec)
Wrote distance file to... 
Computing ML distances based on estimated model parameters...
Calculating distance matrix: done in 0.0164091 secs using 97.48% CPU
Computing ML distances took 0.017959 sec (of wall-clock time) 0.016191 sec (of CPU time)
Setting up auxiliary I and S matrices: done in 0.000141609 secs using 81.21% CPU
Constructing RapidNJ tree: done in 0.000452213 secs using 94.42% CPU
Computing RapidNJ tree took 0.001797 sec (of wall-clock time) 0.000657 sec (of CPU time)
Log-likelihood of RapidNJ tree: -5296.316
--------------------------------------------------------------------
|             INITIALIZING CANDIDATE TREE SET                      |
--------------------------------------------------------------------
Generating 98 parsimony trees... 0.240 second
Computing log-likelihood of 98 initial trees ... 0.268 seconds
Current best score: -5292.061

Do NNI search on 20 best initial trees
Optimizing NNI: done in 0.0441938 secs using 99.45% CPU
Estimate model parameters (epsilon = 0.100)
BETTER TREE FOUND at iteration 1: -5292.049
Optimizing NNI: done in 0.0419577 secs using 94.76% CPU
Optimizing NNI: done in 0.0441438 secs using 94.3% CPU
BETTER TREE FOUND at iteration 3: -5292.049
Optimizing NNI: done in 0.0413041 secs using 96.98% CPU
BETTER TREE FOUND at iteration 4: -5292.049
Optimizing NNI: done in 0.0221306 secs using 99.46% CPU
Optimizing NNI: done in 0.0415895 secs using 99.8% CPU
Optimizing NNI: done in 0.0399681 secs using 99.54% CPU
Optimizing NNI: done in 0.0371811 secs using 93.51% CPU
Optimizing NNI: done in 0.0460359 secs using 90.93% CPU
Optimizing NNI: done in 0.0427408 secs using 94.95% CPU
Iteration 10 / LogL: -5292.053 / Time: 0h:0m:1s
Optimizing NNI: done in 0.0418869 secs using 99.81% CPU
Optimizing NNI: done in 0.0419026 secs using 89% CPU
Optimizing NNI: done in 0.0419474 secs using 94.18% CPU
Optimizing NNI: done in 0.0419652 secs using 99.45% CPU
Optimizing NNI: done in 0.0420801 secs using 95.08% CPU
Optimizing NNI: done in 0.0392636 secs using 97.17% CPU
Optimizing NNI: done in 0.0408901 secs using 97.3% CPU
Optimizing NNI: done in 0.0421234 secs using 97.29% CPU
Optimizing NNI: done in 0.0431345 secs using 95.04% CPU
Optimizing NNI: done in 0.0553697 secs using 96.14% CPU
Iteration 20 / LogL: -5293.586 / Time: 0h:0m:1s
Finish initializing candidate tree set (20)
Current best tree score: -5292.049 / CPU time: 1.401
Number of iterations: 20
--------------------------------------------------------------------
|               OPTIMIZING CANDIDATE TREE SET                      |
--------------------------------------------------------------------
Optimizing NNI: done in 0.0609696 secs using 88.33% CPU
Optimizing NNI: done in 0.0477499 secs using 96.82% CPU
Optimizing NNI: done in 0.0960601 secs using 90.35% CPU
Optimizing NNI: done in 0.0764638 secs using 93.79% CPU
Optimizing NNI: done in 0.0929639 secs using 97.13% CPU
Optimizing NNI: done in 0.0470644 secs using 93.01% CPU
Optimizing NNI: done in 0.0888068 secs using 96.22% CPU
Optimizing NNI: done in 0.0612526 secs using 93.2% CPU
Optimizing NNI: done in 0.0832705 secs using 98.16% CPU
Optimizing NNI: done in 0.0898513 secs using 93% CPU
Iteration 30 / LogL: -5292.073 / Time: 0h:0m:2s (0h:0m:5s left)
Optimizing NNI: done in 0.0980681 secs using 97.21% CPU
Optimizing NNI: done in 0.0757626 secs using 96.94% CPU
Optimizing NNI: done in 0.0854149 secs using 98.43% CPU
Optimizing NNI: done in 0.0808094 secs using 89.6% CPU
Optimizing NNI: done in 0.0797988 secs using 97.14% CPU
Optimizing NNI: done in 0.0711334 secs using 93.88% CPU
Optimizing NNI: done in 0.053717 secs using 90.62% CPU
Optimizing NNI: done in 0.0904137 secs using 95.36% CPU
Optimizing NNI: done in 0.0621768 secs using 96.41% CPU
Optimizing NNI: done in 0.0774835 secs using 94.48% CPU
Iteration 40 / LogL: -5292.062 / Time: 0h:0m:3s (0h:0m:5s left)
Optimizing NNI: done in 0.086265 secs using 97.14% CPU
Optimizing NNI: done in 0.0761715 secs using 95.41% CPU
Optimizing NNI: done in 0.102322 secs using 94.68% CPU
Optimizing NNI: done in 0.100296 secs using 95.42% CPU
Optimizing NNI: done in 0.0657108 secs using 95.02% CPU
Optimizing NNI: done in 0.0793887 secs using 95.59% CPU
Optimizing NNI: done in 0.0831238 secs using 94.94% CPU
Optimizing NNI: done in 0.0608714 secs using 96.83% CPU
Optimizing NNI: done in 0.0848169 secs using 97.92% CPU
Optimizing NNI: done in 0.179059 secs using 51.36% CPU
Iteration 50 / LogL: -5298.600 / Time: 0h:0m:4s (0h:0m:4s left)
Log-likelihood cutoff on original alignment: -5332.512
Optimizing NNI: done in 0.0517238 secs using 97.13% CPU
Optimizing NNI: done in 0.082187 secs using 93.7% CPU
Optimizing NNI: done in 0.0722329 secs using 93.92% CPU
Optimizing NNI: done in 0.091006 secs using 81.61% CPU
Optimizing NNI: done in 0.0552756 secs using 96.59% CPU
Optimizing NNI: done in 0.070062 secs using 95.61% CPU
Optimizing NNI: done in 0.0557099 secs using 91.5% CPU
Optimizing NNI: done in 0.0745896 secs using 85.17% CPU
Optimizing NNI: done in 0.103295 secs using 86.65% CPU
Optimizing NNI: done in 0.0695905 secs using 90.57% CPU
Iteration 60 / LogL: -5292.078 / Time: 0h:0m:5s (0h:0m:3s left)
Optimizing NNI: done in 0.091621 secs using 96.17% CPU
Optimizing NNI: done in 0.0568349 secs using 98.12% CPU
Optimizing NNI: done in 0.0686838 secs using 94.69% CPU
Optimizing NNI: done in 0.0623872 secs using 89.76% CPU
Optimizing NNI: done in 0.0586151 secs using 88.7% CPU
Optimizing NNI: done in 0.0919105 secs using 95.31% CPU
Optimizing NNI: done in 0.0892488 secs using 96.41% CPU
Optimizing NNI: done in 0.0837325 secs using 95.78% CPU
Optimizing NNI: done in 0.117045 secs using 78.44% CPU
Optimizing NNI: done in 0.0661524 secs using 98.26% CPU
Iteration 70 / LogL: -5292.077 / Time: 0h:0m:6s (0h:0m:2s left)
Optimizing NNI: done in 0.075213 secs using 94.11% CPU
Optimizing NNI: done in 0.0610919 secs using 91.92% CPU
Optimizing NNI: done in 0.0727458 secs using 96.82% CPU
Optimizing NNI: done in 0.101186 secs using 93.18% CPU
Optimizing NNI: done in 0.0757331 secs using 95.47% CPU
Optimizing NNI: done in 0.0883954 secs using 93.63% CPU
Optimizing NNI: done in 0.0730754 secs using 95.34% CPU
Optimizing NNI: done in 0.0670121 secs using 97.99% CPU
Optimizing NNI: done in 0.0696498 secs using 83.9% CPU
Optimizing NNI: done in 0.0529863 secs using 94.03% CPU
Iteration 80 / LogL: -5298.597 / Time: 0h:0m:6s (0h:0m:2s left)
Optimizing NNI: done in 0.0789765 secs using 93.62% CPU
Optimizing NNI: done in 0.0862852 secs using 93.14% CPU
Optimizing NNI: done in 0.0798417 secs using 97.22% CPU
Optimizing NNI: done in 0.0964273 secs using 94.4% CPU
Optimizing NNI: done in 0.0717597 secs using 93.93% CPU
Optimizing NNI: done in 0.0958489 secs using 94.63% CPU
Optimizing NNI: done in 0.0828771 secs using 95.87% CPU
Optimizing NNI: done in 0.0670172 secs using 96.64% CPU
Optimizing NNI: done in 0.0798774 secs using 87.78% CPU
Optimizing NNI: done in 0.190184 secs using 50.12% CPU
Iteration 90 / LogL: -5292.077 / Time: 0h:0m:7s (0h:0m:1s left)
Optimizing NNI: done in 0.153632 secs using 44.3% CPU
Optimizing NNI: done in 0.226666 secs using 43.6% CPU
Optimizing NNI: done in 0.113292 secs using 57.07% CPU
Optimizing NNI: done in 0.178497 secs using 51.75% CPU
Optimizing NNI: done in 0.184041 secs using 49.01% CPU
Optimizing NNI: done in 0.209328 secs using 42.59% CPU
Optimizing NNI: done in 0.174992 secs using 44.14% CPU
Optimizing NNI: done in 0.135782 secs using 38.27% CPU
Optimizing NNI: done in 0.180449 secs using 48.41% CPU
Optimizing NNI: done in 0.197641 secs using 46.7% CPU
Iteration 100 / LogL: -5292.077 / Time: 0h:0m:9s (0h:0m:0s left)
Log-likelihood cutoff on original alignment: -5329.309
NOTE: Bootstrap correlation coefficient of split occurrence frequencies: 0.993
Optimizing NNI: done in 0.0789676 secs using 70.75% CPU
Optimizing NNI: done in 0.100095 secs using 78.21% CPU
Optimizing NNI: done in 0.146985 secs using 52.8% CPU
Optimizing NNI: done in 0.143758 secs using 49.44% CPU
Optimizing NNI: done in 0.0879461 secs using 87.55% CPU
TREE SEARCH COMPLETED AFTER 105 ITERATIONS / Time: 0h:0m:10s

--------------------------------------------------------------------
|                    FINALIZING TREE SEARCH                        |
--------------------------------------------------------------------
Performs final model parameters optimization
Estimate model parameters (epsilon = 0.010)
1. Initial log-likelihood: -5292.049
Optimal log-likelihood: -5292.049
Rate parameters:  A-C: 1.00000  A-G: 12.46476  A-T: 1.00000  C-G: 1.00000  C-T: 17.75013  G-T: 1.00000
Base frequencies:  A: 0.336  C: 0.198  G: 0.238  T: 0.228
Gamma shape alpha: 0.764
Parameters optimization took 1 rounds (0.009 sec)
BEST SCORE FOUND : -5292.049
Creating bootstrap support values...
Split supports printed to NEXUS file P_no_stop_codons.phy.splits.nex
Total tree length: 0.197

Total number of iterations: 105
CPU time used for tree search: 8.486 sec (0h:0m:8s)
Wall-clock time used for tree search: 10.579 sec (0h:0m:10s)
Total CPU time used: 8.716 sec (0h:0m:8s)
Total wall-clock time used: 10.864 sec (0h:0m:10s)

Computing bootstrap consensus tree...
Reading input file P_no_stop_codons.phy.splits.nex...
44 taxa and 388 splits.
Consensus tree written to P_no_stop_codons.phy.contree
Reading input trees file P_no_stop_codons.phy.contree
Log-likelihood of consensus tree: -5292.150

Analysis results written to: 
  IQ-TREE report:                P_no_stop_codons.phy.iqtree
  Maximum-likelihood tree:       P_no_stop_codons.phy.treefile
  Likelihood distances:          P_no_stop_codons.phy.mldist

Ultrafast bootstrap approximation results written to:
  Split support values:          P_no_stop_codons.phy.splits.nex
  Consensus tree:                P_no_stop_codons.phy.contree
  Screen log file:               P_no_stop_codons.phy.log

ALISIM COMMAND
--------------
--alisim simulated_MSA -t P_no_stop_codons.phy.treefile -m "TN{12.4648,17.7501}+F{0.336464,0.198102,0.237616,0.227818}+G4{0.764398}" --length 2127

Date and Time: Mon Jul 11 17:12:11 2022
